<?xml version="1.0" encoding="UTF-8"?>
<!-- Generated by org.testng.reporters.JUnitReportReporter -->
<testsuite hostname="SKT-Skillup200" failures="0" tests="1" name="com.seo.regression.testing.RegressionTesting" time="34.945" errors="0" timestamp="2024-04-12T17:21:45 IST" skipped="0">
  <testcase classname="com.seo.regression.testing.RegressionTesting" name="startTest" time="34.945"/>
  <system-out/>
</testsuite> <!-- com.seo.regression.testing.RegressionTesting -->
