<?xml version="1.0" encoding="UTF-8"?>
<!-- Generated by org.testng.reporters.JUnitReportReporter -->
<testsuite hostname="SKT-Skillup200" failures="0" tests="1" name="com.seo.regression.testing.RegressionTesting" time="156.994" errors="0" timestamp="2023-07-25T13:13:22 IST" skipped="0">
  <testcase classname="com.seo.regression.testing.RegressionTesting" name="startTest" time="156.994"/>
  <system-out/>
</testsuite> <!-- com.seo.regression.testing.RegressionTesting -->
