<?xml version="1.0" encoding="UTF-8"?>
<!-- Generated by org.testng.reporters.JUnitReportReporter -->
<testsuite hostname="SKT-Skillup200" failures="0" tests="1" name="com.seo.sanityTesting.RegressionTesting" time="124.276" errors="0" timestamp="2024-07-15T21:06:32 IST" skipped="0">
  <testcase classname="com.seo.sanityTesting.RegressionTesting" name="startTest" time="124.276"/>
</testsuite> <!-- com.seo.sanityTesting.RegressionTesting -->
