<?xml version="1.0" encoding="UTF-8"?>
<!-- Generated by org.testng.reporters.JUnitReportReporter -->
<testsuite hostname="SKT-Skillup200" failures="0" tests="1" name="com.palm.regressionTesting.RegressionTesting" time="82.165" errors="0" timestamp="2024-06-05T10:43:58 IST" skipped="0">
  <testcase classname="com.palm.regressionTesting.RegressionTesting" name="startTesting" time="82.165"/>
  <system-out/>
</testsuite> <!-- com.palm.regressionTesting.RegressionTesting -->
