<?xml version="1.0" encoding="UTF-8"?>
<!-- Generated by org.testng.reporters.JUnitReportReporter -->
<testsuite hostname="SKT-Skillup200" failures="0" tests="1" name="com.palm.regressionTesting.RegressionTesting" time="414.815" errors="0" timestamp="2025-01-17T10:30:42 IST" skipped="0">
  <testcase classname="com.palm.regressionTesting.RegressionTesting" name="startTesting" time="414.815"/>
  <system-out/>
</testsuite> <!-- com.palm.regressionTesting.RegressionTesting -->
