<?xml version="1.0" encoding="UTF-8"?>
<!-- Generated by org.testng.reporters.JUnitReportReporter -->
<testsuite hostname="SKT-Skillup200" failures="0" tests="1" name="com.seo.regression.testing.RegressionTesting" time="12.028" errors="0" timestamp="2024-02-05T15:35:36 IST" skipped="0">
  <testcase classname="com.seo.regression.testing.RegressionTesting" name="startTest" time="12.028"/>
  <system-out/>
</testsuite> <!-- com.seo.regression.testing.RegressionTesting -->
