<?xml version="1.0" encoding="UTF-8"?>
<!-- Generated by org.testng.reporters.JUnitReportReporter -->
<testsuite hostname="SKT-Skillup200" failures="0" tests="1" name="com.seo.regression.testing.RegressionTesting" time="101.883" errors="0" timestamp="2023-10-30T16:38:45 IST" skipped="0">
  <testcase classname="com.seo.regression.testing.RegressionTesting" name="startTest" time="101.883"/>
  <system-out/>
</testsuite> <!-- com.seo.regression.testing.RegressionTesting -->
