<?xml version="1.0" encoding="UTF-8"?>
<!-- Generated by org.testng.reporters.JUnitReportReporter -->
<testsuite hostname="SKT-Skillup200" failures="0" tests="1" name="com.seo.regression.testing.RegressionTesting" time="1056.234" errors="0" timestamp="2024-04-09T15:52:07 IST" skipped="0">
  <testcase classname="com.seo.regression.testing.RegressionTesting" name="startTest" time="1056.234"/>
  <system-out/>
</testsuite> <!-- com.seo.regression.testing.RegressionTesting -->
