<?xml version="1.0" encoding="UTF-8"?>
<!-- Generated by org.testng.reporters.JUnitReportReporter -->
<testsuite hostname="SKT-Skillup200" failures="0" tests="1" name="com.palm.regressionTesting.RegressionTesting" time="338.835" errors="0" timestamp="2025-02-05T19:23:01 IST" skipped="0">
  <testcase classname="com.palm.regressionTesting.RegressionTesting" name="startTesting" time="338.835"/>
  <system-out/>
</testsuite> <!-- com.palm.regressionTesting.RegressionTesting -->
