<?xml version="1.0" encoding="UTF-8"?>
<!-- Generated by org.testng.reporters.JUnitReportReporter -->
<testsuite hostname="SKT-Skillup200" failures="0" tests="1" name="com.formValidation.testing.RegressionTesting" time="489.734" errors="0" timestamp="2025-02-05T08:47:03 IST" skipped="0">
  <testcase classname="com.formValidation.testing.RegressionTesting" name="startTesting" time="489.734"/>
  <system-out/>
</testsuite> <!-- com.formValidation.testing.RegressionTesting -->
