<?xml version="1.0" encoding="UTF-8"?>
<!-- Generated by org.testng.reporters.JUnitReportReporter -->
<testsuite hostname="SKT-Skillup200" failures="0" tests="1" name="com.seo.regression.testing.RegressionTesting" time="301.444" errors="0" timestamp="2024-05-24T21:41:14 IST" skipped="0">
  <testcase classname="com.seo.regression.testing.RegressionTesting" name="startTest" time="301.444"/>
  <system-out/>
</testsuite> <!-- com.seo.regression.testing.RegressionTesting -->
