<?xml version="1.0" encoding="UTF-8"?>
<!-- Generated by org.testng.reporters.JUnitReportReporter -->
<testsuite hostname="SKT-Skillup200" failures="0" tests="1" name="com.palm.regressionTesting.RegressionTesting" time="1829.111" errors="0" timestamp="2024-10-16T12:56:21 IST" skipped="0">
  <testcase classname="com.palm.regressionTesting.RegressionTesting" name="startTesting" time="1829.111"/>
</testsuite> <!-- com.palm.regressionTesting.RegressionTesting -->
