<?xml version="1.0" encoding="UTF-8"?>
<!-- Generated by org.testng.reporters.JUnitReportReporter -->
<testsuite hostname="SKT-Skillup200" failures="0" tests="1" name="com.seo.courseDeploy.CourseDeploymentTesting" time="1.359" errors="0" timestamp="2023-07-19T18:22:32 IST" skipped="0">
  <testcase classname="com.seo.courseDeploy.CourseDeploymentTesting" name="startTest" time="1.359"/>
  <system-out/>
</testsuite> <!-- com.seo.courseDeploy.CourseDeploymentTesting -->
