<?xml version="1.0" encoding="UTF-8"?>
<!-- Generated by org.testng.reporters.JUnitReportReporter -->
<testsuite hostname="SKT-Skillup200" failures="0" tests="1" name="com.palm.regressionTesting.RegressionTesting" time="28.340" errors="0" timestamp="2024-07-19T21:20:44 IST" skipped="0">
  <testcase classname="com.palm.regressionTesting.RegressionTesting" name="startTesting" time="28.340"/>
</testsuite> <!-- com.palm.regressionTesting.RegressionTesting -->
