<?xml version="1.0" encoding="UTF-8"?>
<!-- Generated by org.testng.reporters.JUnitReportReporter -->
<testsuite hostname="SKT-Skillup200" failures="0" tests="1" name="lamdaAutomation.RegressionTesting" time="69.717" errors="0" timestamp="2025-01-27T21:47:57 IST" skipped="0">
  <testcase classname="lamdaAutomation.RegressionTesting" name="startTesting" time="69.717"/>
  <system-out/>
</testsuite> <!-- lamdaAutomation.RegressionTesting -->
