<?xml version="1.0" encoding="UTF-8"?>
<!-- Generated by org.testng.reporters.JUnitReportReporter -->
<testsuite hostname="DESKTOP-93SV0QM" failures="0" tests="1" name="com.seo.utility.ExcelReader" time="0.000" errors="0" timestamp="2022-03-24T06:56:16 IST" skipped="1">
  <testcase classname="com.seo.utility.ExcelReader" name="testData" time="0.000">
    <skipped/>
  </testcase> <!-- testData -->
  <system-out/>
</testsuite> <!-- com.seo.utility.ExcelReader -->
