<?xml version="1.0" encoding="UTF-8"?>
<!-- Generated by org.testng.reporters.JUnitReportReporter -->
<testsuite hostname="SKT-Skillup200" failures="0" tests="1" name="com.palm.regressionTesting.RegressionTesting" time="25.427" errors="0" timestamp="2024-08-05T21:44:48 IST" skipped="0">
  <testcase classname="com.palm.regressionTesting.RegressionTesting" name="startTesting" time="25.427"/>
</testsuite> <!-- com.palm.regressionTesting.RegressionTesting -->
