<?xml version="1.0" encoding="UTF-8"?>
<!-- Generated by org.testng.reporters.JUnitReportReporter -->
<testsuite hostname="SKT-Skillup200" failures="0" tests="1" name="com.seo.regression.testing.RegressionTesting" time="54.034" errors="0" timestamp="2024-01-04T18:00:28 IST" skipped="0">
  <testcase classname="com.seo.regression.testing.RegressionTesting" name="startTest" time="54.034"/>
  <system-out/>
</testsuite> <!-- com.seo.regression.testing.RegressionTesting -->
