<?xml version="1.0" encoding="UTF-8"?>
<!-- Generated by org.testng.reporters.JUnitReportReporter -->
<testsuite hostname="SKT-Skillup200" failures="0" tests="1" name="com.palm.regressionTesting.RegressionTesting" time="122.071" errors="0" timestamp="2024-10-22T22:10:22 IST" skipped="0">
  <testcase classname="com.palm.regressionTesting.RegressionTesting" name="startTesting" time="122.071"/>
  <system-out/>
</testsuite> <!-- com.palm.regressionTesting.RegressionTesting -->
