<?xml version="1.0" encoding="UTF-8"?>
<!-- Generated by org.testng.reporters.JUnitReportReporter -->
<testsuite hostname="SKT-Skillup200" failures="0" tests="1" name="com.seo.regression.testing.RegressionTesting" time="59.508" errors="0" timestamp="2023-09-05T13:49:13 IST" skipped="0">
  <testcase classname="com.seo.regression.testing.RegressionTesting" name="startTest" time="59.508"/>
  <system-out/>
</testsuite> <!-- com.seo.regression.testing.RegressionTesting -->
