<?xml version="1.0" encoding="UTF-8"?>
<!-- Generated by org.testng.reporters.JUnitReportReporter -->
<testsuite hostname="SKT-Skillup200" failures="0" tests="1" name="com.palm.regressionTesting.RegressionTesting" time="1.975" errors="0" timestamp="2025-01-28T12:38:07 IST" skipped="0">
  <testcase classname="com.palm.regressionTesting.RegressionTesting" name="startTesting" time="1.975"/>
  <system-out/>
</testsuite> <!-- com.palm.regressionTesting.RegressionTesting -->
