<?xml version="1.0" encoding="UTF-8"?>
<!-- Generated by org.testng.reporters.JUnitReportReporter -->
<testsuite hostname="SKT-Skillup200" failures="0" tests="1" name="com.palm.sanityTesting.RegressionTesting" time="142.310" errors="0" timestamp="2024-07-20T16:51:28 IST" skipped="0">
  <testcase classname="com.palm.sanityTesting.RegressionTesting" name="startTest" time="142.310"/>
</testsuite> <!-- com.palm.sanityTesting.RegressionTesting -->
