<?xml version="1.0" encoding="UTF-8"?>
<!-- Generated by org.testng.reporters.JUnitReportReporter -->
<testsuite hostname="SKT-Skillup200" failures="0" tests="1" name="com.palm.regressionTesting.RegressionTesting" time="16.746" errors="0" timestamp="2024-03-13T14:24:25 IST" skipped="0">
  <testcase classname="com.palm.regressionTesting.RegressionTesting" name="startTest" time="16.746"/>
  <system-out/>
</testsuite> <!-- com.palm.regressionTesting.RegressionTesting -->
