<?xml version="1.0" encoding="UTF-8"?>
<!-- Generated by org.testng.reporters.JUnitReportReporter -->
<testsuite hostname="SKT-Skillup200" failures="0" tests="1" name="com.palm.sanityTesting.RegressionTesting" time="83.057" errors="0" timestamp="2024-07-19T21:51:51 IST" skipped="0">
  <testcase classname="com.palm.sanityTesting.RegressionTesting" name="startTest" time="83.057"/>
</testsuite> <!-- com.palm.sanityTesting.RegressionTesting -->
